#
# A fatal error has been detected by the Java Runtime Environment:
#
#  Internal Error (generateOopMap.cpp:2164), pid=3856, tid=3859
#  fatal error: Illegal class file encountered. Try running with -Xverify:all in method main
#
# JRE version: OpenJDK Runtime Environment (16.0.2+7) (build 16.0.2+7-67)
# Java VM: OpenJDK 64-Bit Server VM (16.0.2+7-67, mixed mode, tiered, compressed oops, compressed class ptrs, g1 gc, linux-amd64)
# Problematic frame:
# V  [libjvm.so+0x75fad0]  GenerateOopMap::error_work(char const*, __va_list_tag*)+0x100
#
# Core dump will be written. Default location: Core dumps may be processed with "/usr/share/apport/apport %p %s %c %d %P %E" (or dumping to /home/rob/eclipse-workspace/Laboratorium4/core.3856)
#
# If you would like to submit a bug report, please visit:
#   https://bugreport.java.com/bugreport/crash.jsp
#

---------------  S U M M A R Y ------------

Command Line: -XX:+ShowCodeDetailsInExceptionMessages -agentlib:jdwp=transport=dt_socket,suspend=y,address=localhost:33627 -javaagent:/home/rob/eclipse/java-2021-092/eclipse/configuration/org.eclipse.osgi/217/0/.cp/lib/javaagent-shaded.jar -Dfile.encoding=UTF-8 Zadanie1

Host: AMD Ryzen 7 5800H with Radeon Graphics, 2 cores, 7G, Pop!_OS 21.04
Time: Thu Oct 28 23:19:52 2021 CEST elapsed time: 518.350287 seconds (0d 0h 8m 38s)

---------------  T H R E A D  ---------------

Current thread (0x00007f2b80064290):  GCTaskThread "GC Thread#0" [stack: 0x00007f2b69796000,0x00007f2b69896000] [id=3859]

Stack: [0x00007f2b69796000,0x00007f2b69896000],  sp=0x00007f2b69892e20,  free space=1011k
Native frames: (J=compiled Java code, A=aot compiled Java code, j=interpreted, Vv=VM code, C=native code)
V  [libjvm.so+0x75fad0]  GenerateOopMap::error_work(char const*, __va_list_tag*)+0x100
V  [libjvm.so+0x75fb7b]  GenerateOopMap::report_error(char const*, ...) [clone .constprop.0]+0x8b
V  [libjvm.so+0x761ca3]  GenerateOopMap::init_basic_blocks()+0x223
V  [libjvm.so+0x7661cd]  GenerateOopMap::do_interpretation()+0x6d
V  [libjvm.so+0x7664c3]  GenerateOopMap::compute_map(Thread*)+0x253
V  [libjvm.so+0xbc4144]  OopMapForCacheEntry::compute_map(Thread*) [clone .part.0]+0x54
V  [libjvm.so+0xbc42eb]  OopMapCacheEntry::fill(methodHandle const&, int) [clone .part.0]+0x10b
V  [libjvm.so+0xbc5a7c]  OopMapCache::lookup(methodHandle const&, int, InterpreterOopMap*)+0x25c
V  [libjvm.so+0xb68644]  Method::mask_for(int, InterpreterOopMap*)+0x84
V  [libjvm.so+0x6919eb]  frame::oops_interpreted_do(OopClosure*, RegisterMap const*, bool) const+0x17b
V  [libjvm.so+0xd7969e]  JavaThread::oops_do_frames(OopClosure*, CodeBlobClosure*) [clone .part.0]+0x6e
V  [libjvm.so+0xd7fab3]  Threads::possibly_parallel_oops_do(bool, OopClosure*, CodeBlobClosure*)+0x173
V  [libjvm.so+0x729923]  G1RootProcessor::process_java_roots(G1RootClosures*, G1GCPhaseTimes*, unsigned int)+0x73
V  [libjvm.so+0x72a034]  G1RootProcessor::evacuate_roots(G1ParScanThreadState*, unsigned int)+0x64
V  [libjvm.so+0x6be112]  G1EvacuateRegionsTask::scan_roots(G1ParScanThreadState*, unsigned int)+0x22
V  [libjvm.so+0x6be9f3]  G1EvacuateRegionsBaseTask::work(unsigned int)+0x83
V  [libjvm.so+0xe2e7df]  GangWorker::loop()+0x5f
V  [libjvm.so+0xd812bd]  Thread::call_run()+0xfd
V  [libjvm.so+0xbd81b7]  thread_native_entry(Thread*)+0xe7

JavaThread 0x00007f2b800253f0 (nid = 3858) was being processed
Java frames: (J=compiled Java code, j=interpreted, Vv=VM code)
j  java.io.FileInputStream.readBytes([BII)I+0 java.base@16.0.2
j  java.io.FileInputStream.read([BII)I+4 java.base@16.0.2
j  java.io.BufferedInputStream.read1([BII)I+39 java.base@16.0.2
j  java.io.BufferedInputStream.read([BII)I+49 java.base@16.0.2
j  sun.nio.cs.StreamDecoder.readBytes()I+135 java.base@16.0.2
j  sun.nio.cs.StreamDecoder.implRead([CII)I+112 java.base@16.0.2
j  sun.nio.cs.StreamDecoder.read([CII)I+180 java.base@16.0.2
j  java.io.InputStreamReader.read([CII)I+7 java.base@16.0.2
j  java.io.Reader.read(Ljava/nio/CharBuffer;)I+13 java.base@16.0.2
j  java.util.Scanner.readInput()V+70 java.base@16.0.2
j  java.util.Scanner.next(Ljava/util/regex/Pattern;)Ljava/lang/String;+73 java.base@16.0.2
j  java.util.Scanner.nextInt(I)I+56 java.base@16.0.2
j  java.util.Scanner.nextInt()I+5 java.base@16.0.2
j  Zadanie1.main([Ljava/lang/String;)V+37
v  ~StubRoutines::call_stub
Register to memory mapping:

RAX=0x00007f2b8637d000 points into unknown readable memory: 0x0000000000000058 | 58 00 00 00 00 00 00 00
RBX=0x00007f2b69893520 points into unknown readable memory: 0x00007f2b85ffaa98 | 98 aa ff 85 2b 7f 00 00
RCX=0x00007f2b69893020 points into unknown readable memory: 0x206c6167656c6c49 | 49 6c 6c 65 67 61 6c 20
RDX=0x00007f2b85d6429d: <offset 0x0000000000e8a29d> in /home/rob/.p2/pool/plugins/org.eclipse.justj.openjdk.hotspot.jre.full.linux.x86_64_16.0.2.v20210721-1149/jre/lib/server/libjvm.so at 0x00007f2b84eda000
RSP=0x00007f2b69892e20 points into unknown readable memory: 0x206c6167656c6c49 | 49 6c 6c 65 67 61 6c 20
RBP=0x00007f2b69893250 points into unknown readable memory: 0x00007f2b69893330 | 30 33 89 69 2b 7f 00 00
RSI=0x0000000000000874 is an unknown value
RDI=0x00007f2b85db77f0: <offset 0x0000000000edd7f0> in /home/rob/.p2/pool/plugins/org.eclipse.justj.openjdk.hotspot.jre.full.linux.x86_64_16.0.2.v20210721-1149/jre/lib/server/libjvm.so at 0x00007f2b84eda000
R8 =0x0000000000000020 is an unknown value
R9 =0x00007f2b69892c90 points into unknown readable memory: 0x0000000000000000 | 00 00 00 00 00 00 00 00
R10=0x00007f2b862d1040: <offset 0x00000000001a5040> in /lib/x86_64-linux-gnu/libc.so.6 at 0x00007f2b8612c000
R11=0x00000000ffffffff is an unallocated location in the heap
R12=0x00007f2b64000d10 points into unknown readable memory: 0x00007f2b80064290 | 90 42 06 80 2b 7f 00 00
R13=0x00007f2b69893020 points into unknown readable memory: 0x206c6167656c6c49 | 49 6c 6c 65 67 61 6c 20
R14=0x000000000000000b is an unknown value
R15=0x0 is NULL


Registers:
RAX=0x00007f2b8637d000, RBX=0x00007f2b69893520, RCX=0x00007f2b69893020, RDX=0x00007f2b85d6429d
RSP=0x00007f2b69892e20, RBP=0x00007f2b69893250, RSI=0x0000000000000874, RDI=0x00007f2b85db77f0
R8 =0x0000000000000020, R9 =0x00007f2b69892c90, R10=0x00007f2b862d1040, R11=0x00000000ffffffff
R12=0x00007f2b64000d10, R13=0x00007f2b69893020, R14=0x000000000000000b, R15=0x0000000000000000
RIP=0x00007f2b85639ad0, EFLAGS=0x0000000000010246, CSGSFS=0x002b000000000033, ERR=0x0000000000000006
  TRAPNO=0x000000000000000e

Top of Stack: (sp=0x00007f2b69892e20)
0x00007f2b69892e20:   206c6167656c6c49 6966207373616c63
0x00007f2b69892e30:   756f636e6520656c 202e64657265746e
0x00007f2b69892e40:   6e6e757220797254 6874697720676e69
0x00007f2b69892e50:   6669726576582d20 0000006c6c613a79 

Instructions: (pc=0x00007f2b85639ad0)
0x00007f2b856399d0:   55 48 89 d1 48 89 f2 be 00 02 00 00 48 89 e5 41
0x00007f2b856399e0:   55 41 54 4c 8d a5 d0 fb ff ff 4c 8d ad d0 fd ff
0x00007f2b856399f0:   ff 53 48 89 fb 48 81 ec 18 04 00 00 64 48 8b 04
0x00007f2b85639a00:   25 28 00 00 00 48 89 45 d8 31 c0 c6 47 30 01 4c
0x00007f2b85639a10:   89 e7 e8 59 fb 47 00 48 8b 43 08 48 8b 40 08 0f
0x00007f2b85639a20:   b7 50 2a 48 8b 40 08 48 8b 7c d0 48 e8 3f ef 5b
0x00007f2b85639a30:   00 4c 89 e1 4c 89 ef be 00 02 00 00 49 89 c0 48
0x00007f2b85639a40:   8d 15 0c b6 73 00 31 c0 e8 33 a9 46 00 66 48 8d
0x00007f2b85639a50:   3d db fa a5 00 66 66 48 e8 e3 a9 ad ff 48 8b 38
0x00007f2b85639a60:   49 89 c4 48 8b 07 ff 90 a8 00 00 00 84 c0 74 40
0x00007f2b85639a70:   48 8d 05 c9 cb ac 00 49 8b 3c 24 31 c9 4c 89 ea
0x00007f2b85639a80:   48 8b b0 80 04 00 00 e8 04 08 f2 ff 48 89 43 38
0x00007f2b85639a90:   48 8b 45 d8 64 48 2b 04 25 28 00 00 00 75 42 48
0x00007f2b85639aa0:   81 c4 18 04 00 00 5b 41 5c 41 5d 5d c3 0f 1f 00
0x00007f2b85639ab0:   48 8d 05 91 46 a6 00 4c 89 e9 48 8d 15 dc a7 72
0x00007f2b85639ac0:   00 be 74 08 00 00 48 8d 3d 23 dd 77 00 48 8b 00
0x00007f2b85639ad0:   c6 00 58 31 c0 e8 a6 88 e7 ff e8 d1 1c 47 00 eb
0x00007f2b85639ae0:   af e8 ca a9 ad ff 66 2e 0f 1f 84 00 00 00 00 00
0x00007f2b85639af0:   55 48 89 e5 48 81 ec d0 00 00 00 48 89 95 60 ff
0x00007f2b85639b00:   ff ff 48 89 8d 68 ff ff ff 4c 89 85 70 ff ff ff
0x00007f2b85639b10:   4c 89 8d 78 ff ff ff 84 c0 74 20 0f 29 45 80 0f
0x00007f2b85639b20:   29 4d 90 0f 29 55 a0 0f 29 5d b0 0f 29 65 c0 0f
0x00007f2b85639b30:   29 6d d0 0f 29 75 e0 0f 29 7d f0 48 8d 45 10 48
0x00007f2b85639b40:   8d 95 38 ff ff ff c7 85 38 ff ff ff 10 00 00 00
0x00007f2b85639b50:   48 89 85 40 ff ff ff 48 8d 35 ea dc 77 00 48 8d
0x00007f2b85639b60:   85 50 ff ff ff c7 85 3c ff ff ff 30 00 00 00 48
0x00007f2b85639b70:   89 85 48 ff ff ff e8 55 fe ff ff c9 c3 90 66 90
0x00007f2b85639b80:   55 48 89 e5 41 54 49 89 fc 53 48 89 f3 48 85 f6
0x00007f2b85639b90:   0f 84 ba 01 00 00 41 8b 44 24 58 8b 53 20 39 d0
0x00007f2b85639ba0:   74 4e 85 d2 78 1a 5b 4c 89 e7 48 8d 35 97 dc 77
0x00007f2b85639bb0:   00 41 5c 31 c0 5d e9 35 ff ff ff 0f 1f 44 00 00
0x00007f2b85639bc0:   49 8b 54 24 48 48 8b 73 18 4c 89 e7 e8 3f f0 ff 


Stack slot to memory mapping:
stack at sp + 0 slots: 0x206c6167656c6c49 is an unknown value
stack at sp + 1 slots: 0x6966207373616c63 is an unknown value
stack at sp + 2 slots: 0x756f636e6520656c is an unknown value
stack at sp + 3 slots: 0x202e64657265746e is an unknown value
stack at sp + 4 slots: 0x6e6e757220797254 is an unknown value
stack at sp + 5 slots: 0x6874697720676e69 is an unknown value
stack at sp + 6 slots: 0x6669726576582d20 is an unknown value
stack at sp + 7 slots: 0x0000006c6c613a79 is an unknown value


---------------  P R O C E S S  ---------------

Threads class SMR info:
_java_thread_list=0x00007f2b80373480, length=14, elements={
0x00007f2b800253f0, 0x00007f2b8016f0e0, 0x00007f2b80170bb0, 0x00007f2b8019ea20,
0x00007f2b8019ff70, 0x00007f2b801a14b0, 0x00007f2b801a2c60, 0x00007f2b801a4270,
0x00007f2b801a5810, 0x00007f2b80230380, 0x00007f2b8028ad20, 0x00007f2b8028e480,
0x00007f2b300016d0, 0x00007f2b80372ac0
}

Java Threads: ( => current thread )
  0x00007f2b800253f0 JavaThread "main" [_thread_in_native, id=3858, stack(0x00007f2b84c8b000,0x00007f2b84d8c000)]
  0x00007f2b8016f0e0 JavaThread "Reference Handler" daemon [_thread_blocked, id=3870, stack(0x00007f2b685fd000,0x00007f2b686fe000)]
  0x00007f2b80170bb0 JavaThread "Finalizer" daemon [_thread_blocked, id=3871, stack(0x00007f2b684fc000,0x00007f2b685fd000)]
  0x00007f2b8019ea20 JavaThread "Signal Dispatcher" daemon [_thread_blocked, id=3872, stack(0x00007f2b683fb000,0x00007f2b684fc000)]
  0x00007f2b8019ff70 JavaThread "Service Thread" daemon [_thread_blocked, id=3873, stack(0x00007f2b682fa000,0x00007f2b683fb000)]
  0x00007f2b801a14b0 JavaThread "Monitor Deflation Thread" daemon [_thread_blocked, id=3874, stack(0x00007f2b681f9000,0x00007f2b682fa000)]
  0x00007f2b801a2c60 JavaThread "C2 CompilerThread0" daemon [_thread_blocked, id=3875, stack(0x00007f2b680f8000,0x00007f2b681f9000)]
  0x00007f2b801a4270 JavaThread "C1 CompilerThread0" daemon [_thread_blocked, id=3876, stack(0x00007f2b59000000,0x00007f2b59101000)]
  0x00007f2b801a5810 JavaThread "Sweeper thread" daemon [_thread_blocked, id=3877, stack(0x00007f2b58eff000,0x00007f2b59000000)]
  0x00007f2b80230380 JavaThread "Common-Cleaner" daemon [_thread_blocked, id=3879, stack(0x00007f2b58dfe000,0x00007f2b58eff000)]
  0x00007f2b8028ad20 JavaThread "JDWP Transport Listener: dt_socket" daemon [_thread_blocked, id=3881, stack(0x00007f2b58cfd000,0x00007f2b58dfe000)]
  0x00007f2b8028e480 JavaThread "JDWP Event Helper Thread" daemon [_thread_blocked, id=3884, stack(0x00007f2b58bfc000,0x00007f2b58cfd000)]
  0x00007f2b300016d0 JavaThread "JDWP Command Reader" daemon [_thread_in_native, id=3885, stack(0x00007f2b58afb000,0x00007f2b58bfc000)]
  0x00007f2b80372ac0 JavaThread "Notification Thread" daemon [_thread_blocked, id=3888, stack(0x00007f2b589fa000,0x00007f2b58afb000)]

Other Threads:
  0x00007f2b80150520 VMThread "VM Thread" [stack: 0x00007f2b68700000,0x00007f2b68800000] [id=3869]
  0x00007f2b801559e0 WatcherThread [stack: 0x00007f2b588fa000,0x00007f2b589fa000] [id=3889]
=>0x00007f2b80064290 GCTaskThread "GC Thread#0" [stack: 0x00007f2b69796000,0x00007f2b69896000] [id=3859]
  0x00007f2b50005b70 GCTaskThread "GC Thread#1" [stack: 0x00007f2b587f8000,0x00007f2b588f8000] [id=4708]
  0x00007f2b80075290 ConcurrentGCThread "G1 Main Marker" [stack: 0x00007f2b69694000,0x00007f2b69794000] [id=3860]
  0x00007f2b80076320 ConcurrentGCThread "G1 Conc#0" [stack: 0x00007f2b69592000,0x00007f2b69692000] [id=3861]
  0x00007f2b800d46f0 ConcurrentGCThread "G1 Refine#0" [stack: 0x00007f2b6928e000,0x00007f2b6938e000] [id=3866]
  0x00007f2b800d5710 ConcurrentGCThread "G1 Service" [stack: 0x00007f2b6918c000,0x00007f2b6928c000] [id=3867]

Threads with active compile tasks:
C1 CompilerThread0   518353  391       3       org.eclipse.jdt.launching.internal.org.objectweb.asm.SymbolTable::hash (10 bytes)

VM state: at safepoint (normal execution)

VM Mutex/Monitor currently owned by a thread:  ([mutex/lock_event])
[0x00007f2b80021cf0] Threads_lock - owner thread: 0x00007f2b80150520
[0x00007f2b80022480] Heap_lock - owner thread: 0x00007f2b8028ad20

Heap address: 0x0000000083a00000, size: 1990 MB, Compressed Oops mode: 32-bit

CDS disabled.
Compressed class space mapped at: 0x0000000100000000-0x0000000140000000, reserved size: 1073741824
Narrow klass base: 0x0000000000000000, Narrow klass shift: 3, Narrow klass range: 0x140000000

GC Precious Log:
 CPUs: 2 total, 2 available
 Memory: 7952M
 Large Page Support: Disabled
 NUMA Support: Disabled
 Compressed Oops: Enabled (32-bit)
 Heap Region Size: 1M
 Heap Min Capacity: 8M
 Heap Initial Capacity: 126M
 Heap Max Capacity: 1990M
 Pre-touch: Disabled
 Parallel Workers: 2
 Concurrent Workers: 1
 Concurrent Refinement Workers: 2
 Periodic GC: Disabled

Heap:
 garbage-first heap   total 129024K, used 6144K [0x0000000083a00000, 0x0000000100000000)
  region size 1024K, 7 young (7168K), 1 survivors (1024K)
 Metaspace       used 10111K, committed 10304K, reserved 1064960K
  class space    used 879K, committed 960K, reserved 1048576K

Heap Regions: E=young(eden), S=young(survivor), O=old, HS=humongous(starts), HC=humongous(continues), CS=collection set, F=free, OA=open archive, CA=closed archive, TAMS=top-at-mark-start (previous, next)
|   0|0x0000000083a00000, 0x0000000083aae180, 0x0000000083b00000| 68%| O|  |TAMS 0x0000000083a00000, 0x0000000083a00000| Untracked 
|   1|0x0000000083b00000, 0x0000000083b00000, 0x0000000083c00000|  0%| F|  |TAMS 0x0000000083b00000, 0x0000000083b00000| Untracked 
|   2|0x0000000083c00000, 0x0000000083c00000, 0x0000000083d00000|  0%| F|  |TAMS 0x0000000083c00000, 0x0000000083c00000| Untracked 
|   3|0x0000000083d00000, 0x0000000083d00000, 0x0000000083e00000|  0%| F|  |TAMS 0x0000000083d00000, 0x0000000083d00000| Untracked 
|   4|0x0000000083e00000, 0x0000000083e00000, 0x0000000083f00000|  0%| F|  |TAMS 0x0000000083e00000, 0x0000000083e00000| Untracked 
|   5|0x0000000083f00000, 0x0000000083f00000, 0x0000000084000000|  0%| F|  |TAMS 0x0000000083f00000, 0x0000000083f00000| Untracked 
|   6|0x0000000084000000, 0x0000000084000000, 0x0000000084100000|  0%| F|  |TAMS 0x0000000084000000, 0x0000000084000000| Untracked 
|   7|0x0000000084100000, 0x0000000084100000, 0x0000000084200000|  0%| F|  |TAMS 0x0000000084100000, 0x0000000084100000| Untracked 
|   8|0x0000000084200000, 0x0000000084200000, 0x0000000084300000|  0%| F|  |TAMS 0x0000000084200000, 0x0000000084200000| Untracked 
|   9|0x0000000084300000, 0x0000000084300000, 0x0000000084400000|  0%| F|  |TAMS 0x0000000084300000, 0x0000000084300000| Untracked 
|  10|0x0000000084400000, 0x0000000084400000, 0x0000000084500000|  0%| F|  |TAMS 0x0000000084400000, 0x0000000084400000| Untracked 
|  11|0x0000000084500000, 0x0000000084500000, 0x0000000084600000|  0%| F|  |TAMS 0x0000000084500000, 0x0000000084500000| Untracked 
|  12|0x0000000084600000, 0x0000000084600000, 0x0000000084700000|  0%| F|  |TAMS 0x0000000084600000, 0x0000000084600000| Untracked 
|  13|0x0000000084700000, 0x0000000084700000, 0x0000000084800000|  0%| F|  |TAMS 0x0000000084700000, 0x0000000084700000| Untracked 
|  14|0x0000000084800000, 0x0000000084800000, 0x0000000084900000|  0%| F|  |TAMS 0x0000000084800000, 0x0000000084800000| Untracked 
|  15|0x0000000084900000, 0x0000000084900000, 0x0000000084a00000|  0%| F|  |TAMS 0x0000000084900000, 0x0000000084900000| Untracked 
|  16|0x0000000084a00000, 0x0000000084a00000, 0x0000000084b00000|  0%| F|  |TAMS 0x0000000084a00000, 0x0000000084a00000| Untracked 
|  17|0x0000000084b00000, 0x0000000084b00000, 0x0000000084c00000|  0%| F|  |TAMS 0x0000000084b00000, 0x0000000084b00000| Untracked 
|  18|0x0000000084c00000, 0x0000000084c00000, 0x0000000084d00000|  0%| F|  |TAMS 0x0000000084c00000, 0x0000000084c00000| Untracked 
|  19|0x0000000084d00000, 0x0000000084d00000, 0x0000000084e00000|  0%| F|  |TAMS 0x0000000084d00000, 0x0000000084d00000| Untracked 
|  20|0x0000000084e00000, 0x0000000084e00000, 0x0000000084f00000|  0%| F|  |TAMS 0x0000000084e00000, 0x0000000084e00000| Untracked 
|  21|0x0000000084f00000, 0x0000000084f00000, 0x0000000085000000|  0%| F|  |TAMS 0x0000000084f00000, 0x0000000084f00000| Untracked 
|  22|0x0000000085000000, 0x0000000085000000, 0x0000000085100000|  0%| F|  |TAMS 0x0000000085000000, 0x0000000085000000| Untracked 
|  23|0x0000000085100000, 0x0000000085100000, 0x0000000085200000|  0%| F|  |TAMS 0x0000000085100000, 0x0000000085100000| Untracked 
|  24|0x0000000085200000, 0x0000000085200000, 0x0000000085300000|  0%| F|  |TAMS 0x0000000085200000, 0x0000000085200000| Untracked 
|  25|0x0000000085300000, 0x0000000085300000, 0x0000000085400000|  0%| F|  |TAMS 0x0000000085300000, 0x0000000085300000| Untracked 
|  26|0x0000000085400000, 0x0000000085400000, 0x0000000085500000|  0%| F|  |TAMS 0x0000000085400000, 0x0000000085400000| Untracked 
|  27|0x0000000085500000, 0x0000000085500000, 0x0000000085600000|  0%| F|  |TAMS 0x0000000085500000, 0x0000000085500000| Untracked 
|  28|0x0000000085600000, 0x0000000085600000, 0x0000000085700000|  0%| F|  |TAMS 0x0000000085600000, 0x0000000085600000| Untracked 
|  29|0x0000000085700000, 0x0000000085700000, 0x0000000085800000|  0%| F|  |TAMS 0x0000000085700000, 0x0000000085700000| Untracked 
|  30|0x0000000085800000, 0x0000000085800000, 0x0000000085900000|  0%| F|  |TAMS 0x0000000085800000, 0x0000000085800000| Untracked 
|  31|0x0000000085900000, 0x0000000085900000, 0x0000000085a00000|  0%| F|  |TAMS 0x0000000085900000, 0x0000000085900000| Untracked 
|  32|0x0000000085a00000, 0x0000000085a00000, 0x0000000085b00000|  0%| F|  |TAMS 0x0000000085a00000, 0x0000000085a00000| Untracked 
|  33|0x0000000085b00000, 0x0000000085b00000, 0x0000000085c00000|  0%| F|  |TAMS 0x0000000085b00000, 0x0000000085b00000| Untracked 
|  34|0x0000000085c00000, 0x0000000085c00000, 0x0000000085d00000|  0%| F|  |TAMS 0x0000000085c00000, 0x0000000085c00000| Untracked 
|  35|0x0000000085d00000, 0x0000000085d00000, 0x0000000085e00000|  0%| F|  |TAMS 0x0000000085d00000, 0x0000000085d00000| Untracked 
|  36|0x0000000085e00000, 0x0000000085e00000, 0x0000000085f00000|  0%| F|  |TAMS 0x0000000085e00000, 0x0000000085e00000| Untracked 
|  37|0x0000000085f00000, 0x0000000085f00000, 0x0000000086000000|  0%| F|  |TAMS 0x0000000085f00000, 0x0000000085f00000| Untracked 
|  38|0x0000000086000000, 0x0000000086000000, 0x0000000086100000|  0%| F|  |TAMS 0x0000000086000000, 0x0000000086000000| Untracked 
|  39|0x0000000086100000, 0x0000000086100000, 0x0000000086200000|  0%| F|  |TAMS 0x0000000086100000, 0x0000000086100000| Untracked 
|  40|0x0000000086200000, 0x0000000086200000, 0x0000000086300000|  0%| F|  |TAMS 0x0000000086200000, 0x0000000086200000| Untracked 
|  41|0x0000000086300000, 0x0000000086300000, 0x0000000086400000|  0%| F|  |TAMS 0x0000000086300000, 0x0000000086300000| Untracked 
|  42|0x0000000086400000, 0x0000000086400000, 0x0000000086500000|  0%| F|  |TAMS 0x0000000086400000, 0x0000000086400000| Untracked 
|  43|0x0000000086500000, 0x0000000086500000, 0x0000000086600000|  0%| F|  |TAMS 0x0000000086500000, 0x0000000086500000| Untracked 
|  44|0x0000000086600000, 0x0000000086600000, 0x0000000086700000|  0%| F|  |TAMS 0x0000000086600000, 0x0000000086600000| Untracked 
|  45|0x0000000086700000, 0x0000000086700000, 0x0000000086800000|  0%| F|  |TAMS 0x0000000086700000, 0x0000000086700000| Untracked 
|  46|0x0000000086800000, 0x0000000086800000, 0x0000000086900000|  0%| F|  |TAMS 0x0000000086800000, 0x0000000086800000| Untracked 
|  47|0x0000000086900000, 0x0000000086900000, 0x0000000086a00000|  0%| F|  |TAMS 0x0000000086900000, 0x0000000086900000| Untracked 
|  48|0x0000000086a00000, 0x0000000086a00000, 0x0000000086b00000|  0%| F|  |TAMS 0x0000000086a00000, 0x0000000086a00000| Untracked 
|  49|0x0000000086b00000, 0x0000000086b00000, 0x0000000086c00000|  0%| F|  |TAMS 0x0000000086b00000, 0x0000000086b00000| Untracked 
|  50|0x0000000086c00000, 0x0000000086c00000, 0x0000000086d00000|  0%| F|  |TAMS 0x0000000086c00000, 0x0000000086c00000| Untracked 
|  51|0x0000000086d00000, 0x0000000086d00000, 0x0000000086e00000|  0%| F|  |TAMS 0x0000000086d00000, 0x0000000086d00000| Untracked 
|  52|0x0000000086e00000, 0x0000000086e00000, 0x0000000086f00000|  0%| F|  |TAMS 0x0000000086e00000, 0x0000000086e00000| Untracked 
|  53|0x0000000086f00000, 0x0000000086f00000, 0x0000000087000000|  0%| F|  |TAMS 0x0000000086f00000, 0x0000000086f00000| Untracked 
|  54|0x0000000087000000, 0x0000000087000000, 0x0000000087100000|  0%| F|  |TAMS 0x0000000087000000, 0x0000000087000000| Untracked 
|  55|0x0000000087100000, 0x0000000087100000, 0x0000000087200000|  0%| F|  |TAMS 0x0000000087100000, 0x0000000087100000| Untracked 
|  56|0x0000000087200000, 0x0000000087200000, 0x0000000087300000|  0%| F|  |TAMS 0x0000000087200000, 0x0000000087200000| Untracked 
|  57|0x0000000087300000, 0x0000000087300000, 0x0000000087400000|  0%| F|  |TAMS 0x0000000087300000, 0x0000000087300000| Untracked 
|  58|0x0000000087400000, 0x0000000087400000, 0x0000000087500000|  0%| F|  |TAMS 0x0000000087400000, 0x0000000087400000| Untracked 
|  59|0x0000000087500000, 0x0000000087500000, 0x0000000087600000|  0%| F|  |TAMS 0x0000000087500000, 0x0000000087500000| Untracked 
|  60|0x0000000087600000, 0x0000000087600000, 0x0000000087700000|  0%| F|  |TAMS 0x0000000087600000, 0x0000000087600000| Untracked 
|  61|0x0000000087700000, 0x0000000087700000, 0x0000000087800000|  0%| F|  |TAMS 0x0000000087700000, 0x0000000087700000| Untracked 
|  62|0x0000000087800000, 0x0000000087800000, 0x0000000087900000|  0%| F|  |TAMS 0x0000000087800000, 0x0000000087800000| Untracked 
|  63|0x0000000087900000, 0x0000000087900000, 0x0000000087a00000|  0%| F|  |TAMS 0x0000000087900000, 0x0000000087900000| Untracked 
|  64|0x0000000087a00000, 0x0000000087a00000, 0x0000000087b00000|  0%| F|  |TAMS 0x0000000087a00000, 0x0000000087a00000| Untracked 
|  65|0x0000000087b00000, 0x0000000087b00000, 0x0000000087c00000|  0%| F|  |TAMS 0x0000000087b00000, 0x0000000087b00000| Untracked 
|  66|0x0000000087c00000, 0x0000000087c00000, 0x0000000087d00000|  0%| F|  |TAMS 0x0000000087c00000, 0x0000000087c00000| Untracked 
|  67|0x0000000087d00000, 0x0000000087d00000, 0x0000000087e00000|  0%| F|  |TAMS 0x0000000087d00000, 0x0000000087d00000| Untracked 
|  68|0x0000000087e00000, 0x0000000087e00000, 0x0000000087f00000|  0%| F|  |TAMS 0x0000000087e00000, 0x0000000087e00000| Untracked 
|  69|0x0000000087f00000, 0x0000000087f00000, 0x0000000088000000|  0%| F|  |TAMS 0x0000000087f00000, 0x0000000087f00000| Untracked 
|  70|0x0000000088000000, 0x0000000088000000, 0x0000000088100000|  0%| F|  |TAMS 0x0000000088000000, 0x0000000088000000| Untracked 
|  71|0x0000000088100000, 0x0000000088100000, 0x0000000088200000|  0%| F|  |TAMS 0x0000000088100000, 0x0000000088100000| Untracked 
|  72|0x0000000088200000, 0x0000000088200000, 0x0000000088300000|  0%| F|  |TAMS 0x0000000088200000, 0x0000000088200000| Untracked 
|  73|0x0000000088300000, 0x0000000088300000, 0x0000000088400000|  0%| F|  |TAMS 0x0000000088300000, 0x0000000088300000| Untracked 
|  74|0x0000000088400000, 0x0000000088400000, 0x0000000088500000|  0%| F|  |TAMS 0x0000000088400000, 0x0000000088400000| Untracked 
|  75|0x0000000088500000, 0x0000000088500000, 0x0000000088600000|  0%| F|  |TAMS 0x0000000088500000, 0x0000000088500000| Untracked 
|  76|0x0000000088600000, 0x0000000088600000, 0x0000000088700000|  0%| F|  |TAMS 0x0000000088600000, 0x0000000088600000| Untracked 
|  77|0x0000000088700000, 0x0000000088700000, 0x0000000088800000|  0%| F|  |TAMS 0x0000000088700000, 0x0000000088700000| Untracked 
|  78|0x0000000088800000, 0x0000000088800000, 0x0000000088900000|  0%| F|  |TAMS 0x0000000088800000, 0x0000000088800000| Untracked 
|  79|0x0000000088900000, 0x0000000088900000, 0x0000000088a00000|  0%| F|  |TAMS 0x0000000088900000, 0x0000000088900000| Untracked 
|  80|0x0000000088a00000, 0x0000000088a00000, 0x0000000088b00000|  0%| F|  |TAMS 0x0000000088a00000, 0x0000000088a00000| Untracked 
|  81|0x0000000088b00000, 0x0000000088b00000, 0x0000000088c00000|  0%| F|  |TAMS 0x0000000088b00000, 0x0000000088b00000| Untracked 
|  82|0x0000000088c00000, 0x0000000088c00000, 0x0000000088d00000|  0%| F|  |TAMS 0x0000000088c00000, 0x0000000088c00000| Untracked 
|  83|0x0000000088d00000, 0x0000000088d00000, 0x0000000088e00000|  0%| F|  |TAMS 0x0000000088d00000, 0x0000000088d00000| Untracked 
|  84|0x0000000088e00000, 0x0000000088e00000, 0x0000000088f00000|  0%| F|  |TAMS 0x0000000088e00000, 0x0000000088e00000| Untracked 
|  85|0x0000000088f00000, 0x0000000088f00000, 0x0000000089000000|  0%| F|  |TAMS 0x0000000088f00000, 0x0000000088f00000| Untracked 
|  86|0x0000000089000000, 0x0000000089000000, 0x0000000089100000|  0%| F|  |TAMS 0x0000000089000000, 0x0000000089000000| Untracked 
|  87|0x0000000089100000, 0x0000000089100000, 0x0000000089200000|  0%| F|  |TAMS 0x0000000089100000, 0x0000000089100000| Untracked 
|  88|0x0000000089200000, 0x0000000089200000, 0x0000000089300000|  0%| F|  |TAMS 0x0000000089200000, 0x0000000089200000| Untracked 
|  89|0x0000000089300000, 0x0000000089300000, 0x0000000089400000|  0%| F|  |TAMS 0x0000000089300000, 0x0000000089300000| Untracked 
|  90|0x0000000089400000, 0x0000000089400000, 0x0000000089500000|  0%| F|  |TAMS 0x0000000089400000, 0x0000000089400000| Untracked 
|  91|0x0000000089500000, 0x0000000089500000, 0x0000000089600000|  0%| F|  |TAMS 0x0000000089500000, 0x0000000089500000| Untracked 
|  92|0x0000000089600000, 0x0000000089600000, 0x0000000089700000|  0%| F|  |TAMS 0x0000000089600000, 0x0000000089600000| Untracked 
|  93|0x0000000089700000, 0x0000000089700000, 0x0000000089800000|  0%| F|  |TAMS 0x0000000089700000, 0x0000000089700000| Untracked 
|  94|0x0000000089800000, 0x0000000089800000, 0x0000000089900000|  0%| F|  |TAMS 0x0000000089800000, 0x0000000089800000| Untracked 
|  95|0x0000000089900000, 0x0000000089900000, 0x0000000089a00000|  0%| F|  |TAMS 0x0000000089900000, 0x0000000089900000| Untracked 
|  96|0x0000000089a00000, 0x0000000089a00000, 0x0000000089b00000|  0%| F|  |TAMS 0x0000000089a00000, 0x0000000089a00000| Untracked 
|  97|0x0000000089b00000, 0x0000000089b00000, 0x0000000089c00000|  0%| F|  |TAMS 0x0000000089b00000, 0x0000000089b00000| Untracked 
|  98|0x0000000089c00000, 0x0000000089c00000, 0x0000000089d00000|  0%| F|  |TAMS 0x0000000089c00000, 0x0000000089c00000| Untracked 
|  99|0x0000000089d00000, 0x0000000089d00000, 0x0000000089e00000|  0%| F|  |TAMS 0x0000000089d00000, 0x0000000089d00000| Untracked 
| 100|0x0000000089e00000, 0x0000000089e00000, 0x0000000089f00000|  0%| F|  |TAMS 0x0000000089e00000, 0x0000000089e00000| Untracked 
| 101|0x0000000089f00000, 0x0000000089f00000, 0x000000008a000000|  0%| F|  |TAMS 0x0000000089f00000, 0x0000000089f00000| Untracked 
| 102|0x000000008a000000, 0x000000008a000000, 0x000000008a100000|  0%| F|  |TAMS 0x000000008a000000, 0x000000008a000000| Untracked 
| 103|0x000000008a100000, 0x000000008a100000, 0x000000008a200000|  0%| F|  |TAMS 0x000000008a100000, 0x000000008a100000| Untracked 
| 104|0x000000008a200000, 0x000000008a200000, 0x000000008a300000|  0%| F|  |TAMS 0x000000008a200000, 0x000000008a200000| Untracked 
| 105|0x000000008a300000, 0x000000008a300000, 0x000000008a400000|  0%| F|  |TAMS 0x000000008a300000, 0x000000008a300000| Untracked 
| 106|0x000000008a400000, 0x000000008a400000, 0x000000008a500000|  0%| F|  |TAMS 0x000000008a400000, 0x000000008a400000| Untracked 
| 107|0x000000008a500000, 0x000000008a500000, 0x000000008a600000|  0%| F|  |TAMS 0x000000008a500000, 0x000000008a500000| Untracked 
| 108|0x000000008a600000, 0x000000008a600000, 0x000000008a700000|  0%| F|  |TAMS 0x000000008a600000, 0x000000008a600000| Untracked 
| 109|0x000000008a700000, 0x000000008a700000, 0x000000008a800000|  0%| F|  |TAMS 0x000000008a700000, 0x000000008a700000| Untracked 
| 110|0x000000008a800000, 0x000000008a800000, 0x000000008a900000|  0%| F|  |TAMS 0x000000008a800000, 0x000000008a800000| Untracked 
| 111|0x000000008a900000, 0x000000008a900000, 0x000000008aa00000|  0%| F|  |TAMS 0x000000008a900000, 0x000000008a900000| Untracked 
| 112|0x000000008aa00000, 0x000000008aa00000, 0x000000008ab00000|  0%| F|  |TAMS 0x000000008aa00000, 0x000000008aa00000| Untracked 
| 113|0x000000008ab00000, 0x000000008ab00000, 0x000000008ac00000|  0%| F|  |TAMS 0x000000008ab00000, 0x000000008ab00000| Untracked 
| 114|0x000000008ac00000, 0x000000008ac00000, 0x000000008ad00000|  0%| F|  |TAMS 0x000000008ac00000, 0x000000008ac00000| Untracked 
| 115|0x000000008ad00000, 0x000000008ad00000, 0x000000008ae00000|  0%| F|  |TAMS 0x000000008ad00000, 0x000000008ad00000| Untracked 
| 116|0x000000008ae00000, 0x000000008ae00000, 0x000000008af00000|  0%| F|  |TAMS 0x000000008ae00000, 0x000000008ae00000| Untracked 
| 117|0x000000008af00000, 0x000000008af00000, 0x000000008b000000|  0%| F|  |TAMS 0x000000008af00000, 0x000000008af00000| Untracked 
| 118|0x000000008b000000, 0x000000008b000000, 0x000000008b100000|  0%| F|  |TAMS 0x000000008b000000, 0x000000008b000000| Untracked 
| 119|0x000000008b100000, 0x000000008b200000, 0x000000008b200000|100%| S|  |TAMS 0x000000008b100000, 0x000000008b100000| Complete 
| 120|0x000000008b200000, 0x000000008b300000, 0x000000008b300000|100%| E|CS|TAMS 0x000000008b200000, 0x000000008b200000| Complete 
| 121|0x000000008b300000, 0x000000008b400000, 0x000000008b400000|100%| E|CS|TAMS 0x000000008b300000, 0x000000008b300000| Complete 
| 122|0x000000008b400000, 0x000000008b500000, 0x000000008b500000|100%| E|CS|TAMS 0x000000008b400000, 0x000000008b400000| Complete 
| 123|0x000000008b500000, 0x000000008b600000, 0x000000008b600000|100%| E|CS|TAMS 0x000000008b500000, 0x000000008b500000| Complete 
| 124|0x000000008b600000, 0x000000008b700000, 0x000000008b700000|100%| E|CS|TAMS 0x000000008b600000, 0x000000008b600000| Complete 
| 125|0x000000008b700000, 0x000000008b800000, 0x000000008b800000|100%| E|CS|TAMS 0x000000008b700000, 0x000000008b700000| Complete 

Card table byte_map: [0x00007f2b84029000,0x00007f2b8440c000] _byte_map_base: 0x00007f2b83c0c000

Marking Bits (Prev, Next): (CMBitMap*) 0x00007f2b80064e40, (CMBitMap*) 0x00007f2b80064e80
 Prev Bits: [0x00007f2b6b7f1000, 0x00007f2b6d709000)
 Next Bits: [0x00007f2b698d9000, 0x00007f2b6b7f1000)

Polling page: 0x00007f2b8637b000

Metaspace:

Usage:
  Non-class:      9.02 MB used.
      Class:    879.97 KB used.
       Both:      9.87 MB used.

Virtual space:
  Non-class space:       16.00 MB reserved,       9.12 MB ( 57%) committed,  2 nodes.
      Class space:        1.00 GB reserved,     960.00 KB ( <1%) committed,  1 nodes.
              Both:        1.02 GB reserved,      10.06 MB ( <1%) committed. 

Chunk freelists:
   Non-Class:  2.73 MB
       Class:  3.09 MB
        Both:  5.83 MB

MaxMetaspaceSize: 17179869184.00 GB
CompressedClassSpaceSize: 1.00 GB
 - commit_granule_bytes: 65536.
 - commit_granule_words: 8192.
 - virtual_space_node_default_size: 1048576.
 - enlarge_chunks_in_place: 1.
 - new_chunks_are_fully_committed: 0.
 - uncommit_free_chunks: 1.
 - use_allocation_guard: 0.
 - handle_deallocations: 1.


Internal statistics:

num_allocs_failed_limit: 0.
num_arena_births: 12.
num_arena_deaths: 0.
num_vsnodes_births: 3.
num_vsnodes_deaths: 0.
num_space_committed: 161.
num_space_uncommitted: 0.
num_chunks_returned_to_freelist: 0.
num_chunks_taken_from_freelist: 52.
num_chunk_merges: 0.
num_chunk_splits: 20.
num_chunks_enlarged: 14.
num_purges: 0.

CodeHeap 'non-profiled nmethods': size=120036Kb used=128Kb max_used=128Kb free=119907Kb
 bounds [0x00007f2b755b3000, 0x00007f2b75823000, 0x00007f2b7caec000]
CodeHeap 'profiled nmethods': size=120032Kb used=519Kb max_used=519Kb free=119512Kb
 bounds [0x00007f2b6e07b000, 0x00007f2b6e2eb000, 0x00007f2b755b3000]
CodeHeap 'non-nmethods': size=5692Kb used=1186Kb max_used=1200Kb free=4505Kb
 bounds [0x00007f2b6daec000, 0x00007f2b6dd5c000, 0x00007f2b6e07b000]
 total_blobs=800 nmethods=388 adapters=326
 compilation: enabled
              stopped_count=0, restarted_count=0
 full_count=0

Compilation events (20 events):
Event: 174.542 Thread 0x00007f2b801a4270 

Event: 174.542 Thread 0x00007f2b801a4270  381       3       java.lang.StringUTF16::compress (20 bytes)
Event: 174.542 Thread 0x00007f2b801a4270 nmethod 381 0x00007f2b6e0fa290 code [0x00007f2b6e0fa440, 0x00007f2b6e0fa680]
Event: 174.542 Thread 0x00007f2b801a4270  384       3       org.eclipse.jdt.launching.internal.org.objectweb.asm.ClassReader::readUTF8 (23 bytes)
Event: 174.542 Thread 0x00007f2b801a4270 nmethod 384 0x00007f2b6e0fa790 code [0x00007f2b6e0fa960, 0x00007f2b6e0fabb0]
Event: 174.542 Thread 0x00007f2b801a4270  380       3       org.eclipse.jdt.launching.internal.org.objectweb.asm.SymbolTable$Entry::<init> (17 bytes)
Event: 174.542 Thread 0x00007f2b801a4270 nmethod 380 0x00007f2b6e0fac90 code [0x00007f2b6e0fae40, 0x00007f2b6e0fafe0]
Event: 452.973 Thread 0x00007f2b801a2c60  385       4       org.eclipse.jdt.launching.internal.org.objectweb.asm.ClassReader::readUnsignedShort (26 bytes)
Event: 452.973 Thread 0x00007f2b801a2c60 nmethod 385 0x00007f2b755d2d10 code [0x00007f2b755d2ea0, 0x00007f2b755d2fb8]
Event: 452.973 Thread 0x00007f2b801a4270  386       3       org.eclipse.jdt.launching.internal.org.objectweb.asm.ClassReader::readUtf (161 bytes)
Event: 452.974 Thread 0x00007f2b801a4270 nmethod 386 0x00007f2b6e0fb090 code [0x00007f2b6e0fb260, 0x00007f2b6e0fb700]
Event: 491.929 Thread 0x00007f2b801a4270  387       3       java.lang.String::<init> (74 bytes)
Event: 491.929 Thread 0x00007f2b801a4270 nmethod 387 0x00007f2b6e0fba10 code [0x00007f2b6e0fbc00, 0x00007f2b6e0fc010]
Event: 491.929 Thread 0x00007f2b801a4270  388       3       org.eclipse.jdt.launching.internal.org.objectweb.asm.SymbolTable::hash (10 bytes)
Event: 491.931 Thread 0x00007f2b801a4270 

Event: 491.931 Thread 0x00007f2b801a4270  389       3       org.eclipse.jdt.launching.internal.org.objectweb.asm.SymbolTable::add (39 bytes)
Event: 491.931 Thread 0x00007f2b801a4270 nmethod 389 0x00007f2b6e0fc110 code [0x00007f2b6e0fc2c0, 0x00007f2b6e0fc5f0]
Event: 491.931 Thread 0x00007f2b801a4270  390       3       org.eclipse.jdt.launching.internal.org.objectweb.asm.SymbolTable::addConstantUtf8 (20 bytes)
Event: 491.931 Thread 0x00007f2b801a4270 nmethod 390 0x00007f2b6e0fc710 code [0x00007f2b6e0fc8e0, 0x00007f2b6e0fcb80]
Event: 518.335 Thread 0x00007f2b801a4270  391       3       org.eclipse.jdt.launching.internal.org.objectweb.asm.SymbolTable::hash (10 bytes)

GC Heap History (1 events):
Event: 518.335 GC heap before
{Heap before GC invocations=0 (full 0):
 garbage-first heap   total 129024K, used 5120K [0x0000000083a00000, 0x0000000100000000)
  region size 1024K, 6 young (6144K), 0 survivors (0K)
 Metaspace       used 10111K, committed 10304K, reserved 1064960K
  class space    used 879K, committed 960K, reserved 1048576K
}

Deoptimization events (20 events):
Event: 0.474 Thread 0x00007f2b800253f0 DEOPT PACKING pc=0x00007f2b6e0ea277 sp=0x00007f2b84d86370
Event: 0.474 Thread 0x00007f2b800253f0 DEOPT UNPACKING pc=0x00007f2b6db39bba sp=0x00007f2b84d857f8 mode 0
Event: 0.474 Thread 0x00007f2b800253f0 DEOPT PACKING pc=0x00007f2b6e0ea277 sp=0x00007f2b84d86370
Event: 0.474 Thread 0x00007f2b800253f0 DEOPT UNPACKING pc=0x00007f2b6db39bba sp=0x00007f2b84d857f8 mode 0
Event: 0.476 Thread 0x00007f2b800253f0 DEOPT PACKING pc=0x00007f2b6e0ea277 sp=0x00007f2b84d87630
Event: 0.476 Thread 0x00007f2b800253f0 DEOPT UNPACKING pc=0x00007f2b6db39bba sp=0x00007f2b84d86ab8 mode 0
Event: 0.476 Thread 0x00007f2b800253f0 DEOPT PACKING pc=0x00007f2b6e0ea277 sp=0x00007f2b84d87630
Event: 0.476 Thread 0x00007f2b800253f0 DEOPT UNPACKING pc=0x00007f2b6db39bba sp=0x00007f2b84d86ab8 mode 0
Event: 0.476 Thread 0x00007f2b800253f0 DEOPT PACKING pc=0x00007f2b6e0ea277 sp=0x00007f2b84d87630
Event: 0.476 Thread 0x00007f2b800253f0 DEOPT UNPACKING pc=0x00007f2b6db39bba sp=0x00007f2b84d86ab8 mode 0
Event: 0.478 Thread 0x00007f2b800253f0 Uncommon trap: trap_request=0xffffff45 fr.pc=0x00007f2b755ba664 relative=0x0000000000000244
Event: 0.478 Thread 0x00007f2b800253f0 Uncommon trap: reason=unstable_if action=reinterpret pc=0x00007f2b755ba664 method=java.lang.String.isLatin1()Z @ 10 c2
Event: 0.478 Thread 0x00007f2b800253f0 DEOPT PACKING pc=0x00007f2b755ba664 sp=0x00007f2b84d88340
Event: 0.478 Thread 0x00007f2b800253f0 DEOPT UNPACKING pc=0x00007f2b6db39424 sp=0x00007f2b84d88298 mode 2
Event: 0.481 Thread 0x00007f2b800253f0 DEOPT PACKING pc=0x00007f2b6e0ea277 sp=0x00007f2b84d85f70
Event: 0.481 Thread 0x00007f2b800253f0 DEOPT UNPACKING pc=0x00007f2b6db39bba sp=0x00007f2b84d853f8 mode 0
Event: 0.481 Thread 0x00007f2b800253f0 DEOPT PACKING pc=0x00007f2b6e0ea277 sp=0x00007f2b84d85f70
Event: 0.481 Thread 0x00007f2b800253f0 DEOPT UNPACKING pc=0x00007f2b6db39bba sp=0x00007f2b84d853f8 mode 0
Event: 0.481 Thread 0x00007f2b800253f0 DEOPT PACKING pc=0x00007f2b6e0ea277 sp=0x00007f2b84d85f70
Event: 0.481 Thread 0x00007f2b800253f0 DEOPT UNPACKING pc=0x00007f2b6db39bba sp=0x00007f2b84d853f8 mode 0

Classes unloaded (0 events):
No events

Classes redefined (5 events):
Event: 142.905 Thread 0x00007f2b80150520 redefined class name=Zadanie1, count=1
Event: 174.540 Thread 0x00007f2b80150520 redefined class name=Zadanie1, count=2
Event: 452.974 Thread 0x00007f2b80150520 redefined class name=Zadanie1, count=3
Event: 491.930 Thread 0x00007f2b80150520 redefined class name=Zadanie1, count=4
Event: 495.407 Thread 0x00007f2b80150520 redefined class name=Zadanie1, count=5

Internal exceptions (1 events):
Event: 0.450 Thread 0x00007f2b800253f0 Exception <a 'java/lang/NoSuchMethodError'{0x000000008b4805c8}: 'java.lang.Object java.lang.invoke.DirectMethodHandle$Holder.invokeStatic(java.lang.Object)'> (0x000000008b4805c8) 
thrown [open/src/hotspot/share/interpreter/linkResolver.cpp, line 789]

Events (20 events):
Event: 491.967 Executing  VM operation: ChangeBreakpoints done
Event: 491.969 Executing  VM operation: ChangeBreakpoints
Event: 491.969 Executing  VM operation: ChangeBreakpoints done
Event: 495.406 Executing  VM operation: RedefineClasses
Event: 495.408 Executing  VM operation: RedefineClasses done
Event: 495.414 Executing  VM operation: ChangeBreakpoints
Event: 495.414 Executing  VM operation: ChangeBreakpoints done
Event: 495.419 Executing  VM operation: ChangeBreakpoints
Event: 495.419 Executing  VM operation: ChangeBreakpoints done
Event: 495.419 Executing  VM operation: ChangeBreakpoints
Event: 495.419 Executing  VM operation: ChangeBreakpoints done
Event: 495.424 Executing  VM operation: ChangeBreakpoints
Event: 495.424 Executing  VM operation: ChangeBreakpoints done
Event: 495.431 Executing  VM operation: ChangeBreakpoints
Event: 495.431 Executing  VM operation: ChangeBreakpoints done
Event: 495.448 Executing  VM operation: ChangeBreakpoints
Event: 495.448 Executing  VM operation: ChangeBreakpoints done
Event: 495.455 Executing  VM operation: ChangeBreakpoints
Event: 495.455 Executing  VM operation: ChangeBreakpoints done
Event: 518.335 Executing  VM operation: G1CollectForAllocation


Dynamic libraries:
83a00000-8b800000 rw-p 00000000 00:00 0 
8b800000-100000000 ---p 00000000 00:00 0 
100000000-100020000 rw-p 00000000 00:00 0 
100020000-100040000 rw-p 00000000 00:00 0 
100040000-1000d0000 rw-p 00000000 00:00 0 
1000d0000-1000e0000 ---p 00000000 00:00 0 
1000e0000-100100000 rw-p 00000000 00:00 0 
100100000-140000000 ---p 00000000 00:00 0 
55a594cb9000-55a594cba000 r-xp 00000000 08:01 939613                     /home/rob/.p2/pool/plugins/org.eclipse.justj.openjdk.hotspot.jre.full.linux.x86_64_16.0.2.v20210721-1149/jre/bin/java
55a594cbb000-55a594cbc000 r--p 00001000 08:01 939613                     /home/rob/.p2/pool/plugins/org.eclipse.justj.openjdk.hotspot.jre.full.linux.x86_64_16.0.2.v20210721-1149/jre/bin/java
55a594cbc000-55a594cbd000 rw-p 00002000 08:01 939613                     /home/rob/.p2/pool/plugins/org.eclipse.justj.openjdk.hotspot.jre.full.linux.x86_64_16.0.2.v20210721-1149/jre/bin/java
55a596a93000-55a596ab4000 rw-p 00000000 00:00 0                          [heap]
7f2b2b400000-7f2b2b450000 rw-p 00000000 00:00 0 
7f2b2b450000-7f2b2b500000 ---p 00000000 00:00 0 
7f2b2b500000-7f2b2b5d0000 rw-p 00000000 00:00 0 
7f2b2b5d0000-7f2b2bc00000 ---p 00000000 00:00 0 
7f2b2c000000-7f2b2c0e5000 rw-p 00000000 00:00 0 
7f2b2c0e5000-7f2b30000000 ---p 00000000 00:00 0 
7f2b30000000-7f2b30072000 rw-p 00000000 00:00 0 
7f2b30072000-7f2b34000000 ---p 00000000 00:00 0 
7f2b34000000-7f2b34021000 rw-p 00000000 00:00 0 
7f2b34021000-7f2b38000000 ---p 00000000 00:00 0 
7f2b38000000-7f2b382c4000 rw-p 00000000 00:00 0 
7f2b382c4000-7f2b3c000000 ---p 00000000 00:00 0 
7f2b3c000000-7f2b3c021000 rw-p 00000000 00:00 0 
7f2b3c021000-7f2b40000000 ---p 00000000 00:00 0 
7f2b40000000-7f2b40021000 rw-p 00000000 00:00 0 
7f2b40021000-7f2b44000000 ---p 00000000 00:00 0 
7f2b44000000-7f2b44021000 rw-p 00000000 00:00 0 
7f2b44021000-7f2b48000000 ---p 00000000 00:00 0 
7f2b48000000-7f2b48021000 rw-p 00000000 00:00 0 
7f2b48021000-7f2b4c000000 ---p 00000000 00:00 0 
7f2b4c000000-7f2b4c021000 rw-p 00000000 00:00 0 
7f2b4c021000-7f2b50000000 ---p 00000000 00:00 0 
7f2b50000000-7f2b50021000 rw-p 00000000 00:00 0 
7f2b50021000-7f2b54000000 ---p 00000000 00:00 0 
7f2b54000000-7f2b54021000 rw-p 00000000 00:00 0 
7f2b54021000-7f2b58000000 ---p 00000000 00:00 0 
7f2b58450000-7f2b587f6000 rw-p 00000000 00:00 0 
7f2b587f6000-7f2b587f7000 ---p 00000000 00:00 0 
7f2b587f7000-7f2b588f8000 rw-p 00000000 00:00 0 
7f2b588f8000-7f2b588f9000 ---p 00000000 00:00 0 
7f2b588f9000-7f2b589fa000 rw-p 00000000 00:00 0 
7f2b589fa000-7f2b589fe000 ---p 00000000 00:00 0 
7f2b589fe000-7f2b58afb000 rw-p 00000000 00:00 0 
7f2b58afb000-7f2b58aff000 ---p 00000000 00:00 0 
7f2b58aff000-7f2b58bfc000 rw-p 00000000 00:00 0 
7f2b58bfc000-7f2b58c00000 ---p 00000000 00:00 0 
7f2b58c00000-7f2b58cfd000 rw-p 00000000 00:00 0 
7f2b58cfd000-7f2b58d01000 ---p 00000000 00:00 0 
7f2b58d01000-7f2b58dfe000 rw-p 00000000 00:00 0 
7f2b58dfe000-7f2b58e02000 ---p 00000000 00:00 0 
7f2b58e02000-7f2b58eff000 rw-p 00000000 00:00 0 
7f2b58eff000-7f2b58f03000 ---p 00000000 00:00 0 
7f2b58f03000-7f2b59000000 rw-p 00000000 00:00 0 
7f2b59000000-7f2b59004000 ---p 00000000 00:00 0 
7f2b59004000-7f2b59101000 rw-p 00000000 00:00 0 
7f2b59101000-7f2b5a000000 r--p 00000000 08:01 1051153                    /usr/lib/locale/locale-archive
7f2b5a000000-7f2b5c000000 rw-p 00000000 00:00 0 
7f2b5c000000-7f2b5c021000 rw-p 00000000 00:00 0 
7f2b5c021000-7f2b60000000 ---p 00000000 00:00 0 
7f2b60000000-7f2b60021000 rw-p 00000000 00:00 0 
7f2b60021000-7f2b64000000 ---p 00000000 00:00 0 
7f2b64000000-7f2b64021000 rw-p 00000000 00:00 0 
7f2b64021000-7f2b68000000 ---p 00000000 00:00 0 
7f2b680f8000-7f2b680fc000 ---p 00000000 00:00 0 
7f2b680fc000-7f2b681f9000 rw-p 00000000 00:00 0 
7f2b681f9000-7f2b681fd000 ---p 00000000 00:00 0 
7f2b681fd000-7f2b682fa000 rw-p 00000000 00:00 0 
7f2b682fa000-7f2b682fe000 ---p 00000000 00:00 0 
7f2b682fe000-7f2b683fb000 rw-p 00000000 00:00 0 
7f2b683fb000-7f2b683ff000 ---p 00000000 00:00 0 
7f2b683ff000-7f2b684fc000 rw-p 00000000 00:00 0 
7f2b684fc000-7f2b68500000 ---p 00000000 00:00 0 
7f2b68500000-7f2b685fd000 rw-p 00000000 00:00 0 
7f2b685fd000-7f2b68601000 ---p 00000000 00:00 0 
7f2b68601000-7f2b686fe000 rw-p 00000000 00:00 0 
7f2b686fe000-7f2b686ff000 ---p 00000000 00:00 0 
7f2b686ff000-7f2b68d00000 rw-p 00000000 00:00 0 
7f2b68d00000-7f2b68d20000 rw-p 00000000 00:00 0 
7f2b68d20000-7f2b68d40000 rw-p 00000000 00:00 0 
7f2b68d40000-7f2b68d80000 rw-p 00000000 00:00 0 
7f2b68d80000-7f2b69000000 rw-p 00000000 00:00 0 
7f2b69046000-7f2b69053000 r-xp 00000000 08:01 939981                     /home/rob/.p2/pool/plugins/org.eclipse.justj.openjdk.hotspot.jre.full.linux.x86_64_16.0.2.v20210721-1149/jre/lib/libverify.so
7f2b69053000-7f2b69055000 r--p 0000c000 08:01 939981                     /home/rob/.p2/pool/plugins/org.eclipse.justj.openjdk.hotspot.jre.full.linux.x86_64_16.0.2.v20210721-1149/jre/lib/libverify.so
7f2b69055000-7f2b69056000 rw-p 0000e000 08:01 939981                     /home/rob/.p2/pool/plugins/org.eclipse.justj.openjdk.hotspot.jre.full.linux.x86_64_16.0.2.v20210721-1149/jre/lib/libverify.so
7f2b69056000-7f2b6906b000 r-xp 00000000 08:01 939986                     /home/rob/.p2/pool/plugins/org.eclipse.justj.openjdk.hotspot.jre.full.linux.x86_64_16.0.2.v20210721-1149/jre/lib/libnet.so
7f2b6906b000-7f2b6906c000 r--p 00014000 08:01 939986                     /home/rob/.p2/pool/plugins/org.eclipse.justj.openjdk.hotspot.jre.full.linux.x86_64_16.0.2.v20210721-1149/jre/lib/libnet.so
7f2b6906c000-7f2b6906d000 rw-p 00015000 08:01 939986                     /home/rob/.p2/pool/plugins/org.eclipse.justj.openjdk.hotspot.jre.full.linux.x86_64_16.0.2.v20210721-1149/jre/lib/libnet.so
7f2b6906d000-7f2b6918a000 rw-p 00000000 00:00 0 
7f2b6918a000-7f2b6918b000 ---p 00000000 00:00 0 
7f2b6918b000-7f2b6928c000 rw-p 00000000 00:00 0 
7f2b6928c000-7f2b6928d000 ---p 00000000 00:00 0 
7f2b6928d000-7f2b69590000 rw-p 00000000 00:00 0 
7f2b69590000-7f2b69591000 ---p 00000000 00:00 0 
7f2b69591000-7f2b69692000 rw-p 00000000 00:00 0 
7f2b69692000-7f2b69693000 ---p 00000000 00:00 0 
7f2b69693000-7f2b69794000 rw-p 00000000 00:00 0 
7f2b69794000-7f2b69795000 ---p 00000000 00:00 0 
7f2b69795000-7f2b69ad1000 rw-p 00000000 00:00 0 
7f2b69ad1000-7f2b6b7f1000 ---p 00000000 00:00 0 
7f2b6b7f1000-7f2b6b9e9000 rw-p 00000000 00:00 0 
7f2b6b9e9000-7f2b6d709000 ---p 00000000 00:00 0 
7f2b6d709000-7f2b6d748000 rw-p 00000000 00:00 0 
7f2b6d748000-7f2b6daec000 ---p 00000000 00:00 0 
7f2b6daec000-7f2b6dd5c000 rwxp 00000000 00:00 0 
7f2b6dd5c000-7f2b6e07b000 ---p 00000000 00:00 0 
7f2b6e07b000-7f2b6e2eb000 rwxp 00000000 00:00 0 
7f2b6e2eb000-7f2b755b3000 ---p 00000000 00:00 0 
7f2b755b3000-7f2b75823000 rwxp 00000000 00:00 0 
7f2b75823000-7f2b7caec000 ---p 00000000 00:00 0 
7f2b7caec000-7f2b80000000 r--s 00000000 08:01 939978                     /home/rob/.p2/pool/plugins/org.eclipse.justj.openjdk.hotspot.jre.full.linux.x86_64_16.0.2.v20210721-1149/jre/lib/modules
7f2b80000000-7f2b80423000 rw-p 00000000 00:00 0 
7f2b80423000-7f2b84000000 ---p 00000000 00:00 0 
7f2b84003000-7f2b84016000 r-xp 00000000 08:01 939988                     /home/rob/.p2/pool/plugins/org.eclipse.justj.openjdk.hotspot.jre.full.linux.x86_64_16.0.2.v20210721-1149/jre/lib/libnio.so
7f2b84016000-7f2b84017000 r--p 00012000 08:01 939988                     /home/rob/.p2/pool/plugins/org.eclipse.justj.openjdk.hotspot.jre.full.linux.x86_64_16.0.2.v20210721-1149/jre/lib/libnio.so
7f2b84017000-7f2b84018000 rw-p 00013000 08:01 939988                     /home/rob/.p2/pool/plugins/org.eclipse.justj.openjdk.hotspot.jre.full.linux.x86_64_16.0.2.v20210721-1149/jre/lib/libnio.so
7f2b84018000-7f2b8401d000 r-xp 00000000 08:01 940015                     /home/rob/.p2/pool/plugins/org.eclipse.justj.openjdk.hotspot.jre.full.linux.x86_64_16.0.2.v20210721-1149/jre/lib/libdt_socket.so
7f2b8401d000-7f2b8401e000 r--p 00004000 08:01 940015                     /home/rob/.p2/pool/plugins/org.eclipse.justj.openjdk.hotspot.jre.full.linux.x86_64_16.0.2.v20210721-1149/jre/lib/libdt_socket.so
7f2b8401e000-7f2b8401f000 rw-p 00005000 08:01 940015                     /home/rob/.p2/pool/plugins/org.eclipse.justj.openjdk.hotspot.jre.full.linux.x86_64_16.0.2.v20210721-1149/jre/lib/libdt_socket.so
7f2b8401f000-7f2b84026000 r-xp 00000000 08:01 939985                     /home/rob/.p2/pool/plugins/org.eclipse.justj.openjdk.hotspot.jre.full.linux.x86_64_16.0.2.v20210721-1149/jre/lib/libzip.so
7f2b84026000-7f2b84027000 ---p 00007000 08:01 939985                     /home/rob/.p2/pool/plugins/org.eclipse.justj.openjdk.hotspot.jre.full.linux.x86_64_16.0.2.v20210721-1149/jre/lib/libzip.so
7f2b84027000-7f2b84028000 r--p 00007000 08:01 939985                     /home/rob/.p2/pool/plugins/org.eclipse.justj.openjdk.hotspot.jre.full.linux.x86_64_16.0.2.v20210721-1149/jre/lib/libzip.so
7f2b84028000-7f2b84029000 rw-p 00008000 08:01 939985                     /home/rob/.p2/pool/plugins/org.eclipse.justj.openjdk.hotspot.jre.full.linux.x86_64_16.0.2.v20210721-1149/jre/lib/libzip.so
7f2b84029000-7f2b84068000 rw-p 00000000 00:00 0 
7f2b84068000-7f2b8440c000 ---p 00000000 00:00 0 
7f2b8440c000-7f2b8444b000 rw-p 00000000 00:00 0 
7f2b8444b000-7f2b847ef000 ---p 00000000 00:00 0 
7f2b847ef000-7f2b849f6000 rw-p 00000000 00:00 0 
7f2b849f6000-7f2b84adc000 ---p 00000000 00:00 0 
7f2b84adc000-7f2b84ae1000 rw-p 00000000 00:00 0 
7f2b84ae1000-7f2b84bc7000 ---p 00000000 00:00 0 
7f2b84bc7000-7f2b84bcc000 rw-p 00000000 00:00 0 
7f2b84bcc000-7f2b84bd3000 ---p 00000000 00:00 0 
7f2b84bd3000-7f2b84bd6000 r--p 00000000 08:01 1318993                    /usr/lib/x86_64-linux-gnu/libnss_files-2.33.so
7f2b84bd6000-7f2b84bde000 r-xp 00003000 08:01 1318993                    /usr/lib/x86_64-linux-gnu/libnss_files-2.33.so
7f2b84bde000-7f2b84be0000 r--p 0000b000 08:01 1318993                    /usr/lib/x86_64-linux-gnu/libnss_files-2.33.so
7f2b84be0000-7f2b84be1000 r--p 0000c000 08:01 1318993                    /usr/lib/x86_64-linux-gnu/libnss_files-2.33.so
7f2b84be1000-7f2b84be2000 rw-p 0000d000 08:01 1318993                    /usr/lib/x86_64-linux-gnu/libnss_files-2.33.so
7f2b84be2000-7f2b84be8000 rw-p 00000000 00:00 0 
7f2b84be9000-7f2b84bf0000 r--s 00000000 08:01 1317149                    /usr/lib/x86_64-linux-gnu/gconv/gconv-modules.cache
7f2b84bf0000-7f2b84bf8000 rw-s 00000000 08:01 1327376                    /tmp/hsperfdata_rob/3856
7f2b84bf8000-7f2b84c1c000 r-xp 00000000 08:01 939982                     /home/rob/.p2/pool/plugins/org.eclipse.justj.openjdk.hotspot.jre.full.linux.x86_64_16.0.2.v20210721-1149/jre/lib/libjava.so
7f2b84c1c000-7f2b84c1d000 ---p 00024000 08:01 939982                     /home/rob/.p2/pool/plugins/org.eclipse.justj.openjdk.hotspot.jre.full.linux.x86_64_16.0.2.v20210721-1149/jre/lib/libjava.so
7f2b84c1d000-7f2b84c1e000 r--p 00024000 08:01 939982                     /home/rob/.p2/pool/plugins/org.eclipse.justj.openjdk.hotspot.jre.full.linux.x86_64_16.0.2.v20210721-1149/jre/lib/libjava.so
7f2b84c1e000-7f2b84c1f000 rw-p 00025000 08:01 939982                     /home/rob/.p2/pool/plugins/org.eclipse.justj.openjdk.hotspot.jre.full.linux.x86_64_16.0.2.v20210721-1149/jre/lib/libjava.so
7f2b84c1f000-7f2b84c20000 rw-p 00000000 00:00 0 
7f2b84c20000-7f2b84c5e000 r-xp 00000000 08:01 940016                     /home/rob/.p2/pool/plugins/org.eclipse.justj.openjdk.hotspot.jre.full.linux.x86_64_16.0.2.v20210721-1149/jre/lib/libjdwp.so
7f2b84c5e000-7f2b84c5f000 r--p 0003d000 08:01 940016                     /home/rob/.p2/pool/plugins/org.eclipse.justj.openjdk.hotspot.jre.full.linux.x86_64_16.0.2.v20210721-1149/jre/lib/libjdwp.so
7f2b84c5f000-7f2b84c60000 rw-p 0003e000 08:01 940016                     /home/rob/.p2/pool/plugins/org.eclipse.justj.openjdk.hotspot.jre.full.linux.x86_64_16.0.2.v20210721-1149/jre/lib/libjdwp.so
7f2b84c60000-7f2b84c61000 rw-p 00000000 00:00 0 
7f2b84c61000-7f2b84c7c000 r-xp 00000000 08:01 939987                     /home/rob/.p2/pool/plugins/org.eclipse.justj.openjdk.hotspot.jre.full.linux.x86_64_16.0.2.v20210721-1149/jre/lib/libjimage.so
7f2b84c7c000-7f2b84c7d000 ---p 0001b000 08:01 939987                     /home/rob/.p2/pool/plugins/org.eclipse.justj.openjdk.hotspot.jre.full.linux.x86_64_16.0.2.v20210721-1149/jre/lib/libjimage.so
7f2b84c7d000-7f2b84c7f000 r--p 0001b000 08:01 939987                     /home/rob/.p2/pool/plugins/org.eclipse.justj.openjdk.hotspot.jre.full.linux.x86_64_16.0.2.v20210721-1149/jre/lib/libjimage.so
7f2b84c7f000-7f2b84c80000 rw-p 0001d000 08:01 939987                     /home/rob/.p2/pool/plugins/org.eclipse.justj.openjdk.hotspot.jre.full.linux.x86_64_16.0.2.v20210721-1149/jre/lib/libjimage.so
7f2b84c80000-7f2b84c83000 r--p 00000000 08:01 1319228                    /usr/lib/x86_64-linux-gnu/librt-2.33.so
7f2b84c83000-7f2b84c87000 r-xp 00003000 08:01 1319228                    /usr/lib/x86_64-linux-gnu/librt-2.33.so
7f2b84c87000-7f2b84c89000 r--p 00007000 08:01 1319228                    /usr/lib/x86_64-linux-gnu/librt-2.33.so
7f2b84c89000-7f2b84c8a000 r--p 00008000 08:01 1319228                    /usr/lib/x86_64-linux-gnu/librt-2.33.so
7f2b84c8a000-7f2b84c8b000 rw-p 00009000 08:01 1319228                    /usr/lib/x86_64-linux-gnu/librt-2.33.so
7f2b84c8b000-7f2b84c8f000 ---p 00000000 00:00 0 
7f2b84c8f000-7f2b84d8c000 rw-p 00000000 00:00 0 
7f2b84d8c000-7f2b84d9b000 r--p 00000000 08:01 1318854                    /usr/lib/x86_64-linux-gnu/libm-2.33.so
7f2b84d9b000-7f2b84e41000 r-xp 0000f000 08:01 1318854                    /usr/lib/x86_64-linux-gnu/libm-2.33.so
7f2b84e41000-7f2b84ed8000 r--p 000b5000 08:01 1318854                    /usr/lib/x86_64-linux-gnu/libm-2.33.so
7f2b84ed8000-7f2b84ed9000 r--p 0014b000 08:01 1318854                    /usr/lib/x86_64-linux-gnu/libm-2.33.so
7f2b84ed9000-7f2b84eda000 rw-p 0014c000 08:01 1318854                    /usr/lib/x86_64-linux-gnu/libm-2.33.so
7f2b84eda000-7f2b85fe8000 r-xp 00000000 08:01 939973                     /home/rob/.p2/pool/plugins/org.eclipse.justj.openjdk.hotspot.jre.full.linux.x86_64_16.0.2.v20210721-1149/jre/lib/server/libjvm.so
7f2b85fe8000-7f2b85fe9000 ---p 0110e000 08:01 939973                     /home/rob/.p2/pool/plugins/org.eclipse.justj.openjdk.hotspot.jre.full.linux.x86_64_16.0.2.v20210721-1149/jre/lib/server/libjvm.so
7f2b85fe9000-7f2b8609a000 r--p 0110e000 08:01 939973                     /home/rob/.p2/pool/plugins/org.eclipse.justj.openjdk.hotspot.jre.full.linux.x86_64_16.0.2.v20210721-1149/jre/lib/server/libjvm.so
7f2b8609a000-7f2b860cd000 rw-p 011bf000 08:01 939973                     /home/rob/.p2/pool/plugins/org.eclipse.justj.openjdk.hotspot.jre.full.linux.x86_64_16.0.2.v20210721-1149/jre/lib/server/libjvm.so
7f2b860cd000-7f2b8612c000 rw-p 00000000 00:00 0 
7f2b8612c000-7f2b86152000 r--p 00000000 08:01 1318046                    /usr/lib/x86_64-linux-gnu/libc-2.33.so
7f2b86152000-7f2b862bd000 r-xp 00026000 08:01 1318046                    /usr/lib/x86_64-linux-gnu/libc-2.33.so
7f2b862bd000-7f2b86309000 r--p 00191000 08:01 1318046                    /usr/lib/x86_64-linux-gnu/libc-2.33.so
7f2b86309000-7f2b8630c000 r--p 001dc000 08:01 1318046                    /usr/lib/x86_64-linux-gnu/libc-2.33.so
7f2b8630c000-7f2b8630f000 rw-p 001df000 08:01 1318046                    /usr/lib/x86_64-linux-gnu/libc-2.33.so
7f2b8630f000-7f2b86318000 rw-p 00000000 00:00 0 
7f2b86318000-7f2b8631a000 r--p 00000000 08:01 1318201                    /usr/lib/x86_64-linux-gnu/libdl-2.33.so
7f2b8631a000-7f2b8631c000 r-xp 00002000 08:01 1318201                    /usr/lib/x86_64-linux-gnu/libdl-2.33.so
7f2b8631c000-7f2b8631d000 r--p 00004000 08:01 1318201                    /usr/lib/x86_64-linux-gnu/libdl-2.33.so
7f2b8631d000-7f2b8631e000 r--p 00004000 08:01 1318201                    /usr/lib/x86_64-linux-gnu/libdl-2.33.so
7f2b8631e000-7f2b8631f000 rw-p 00005000 08:01 1318201                    /usr/lib/x86_64-linux-gnu/libdl-2.33.so
7f2b8631f000-7f2b86326000 r--p 00000000 08:01 1319171                    /usr/lib/x86_64-linux-gnu/libpthread-2.33.so
7f2b86326000-7f2b86336000 r-xp 00007000 08:01 1319171                    /usr/lib/x86_64-linux-gnu/libpthread-2.33.so
7f2b86336000-7f2b8633b000 r--p 00017000 08:01 1319171                    /usr/lib/x86_64-linux-gnu/libpthread-2.33.so
7f2b8633b000-7f2b8633c000 r--p 0001b000 08:01 1319171                    /usr/lib/x86_64-linux-gnu/libpthread-2.33.so
7f2b8633c000-7f2b8633d000 rw-p 0001c000 08:01 1319171                    /usr/lib/x86_64-linux-gnu/libpthread-2.33.so
7f2b8633d000-7f2b86341000 rw-p 00000000 00:00 0 
7f2b86341000-7f2b86350000 r-xp 00000000 08:01 939983                     /home/rob/.p2/pool/plugins/org.eclipse.justj.openjdk.hotspot.jre.full.linux.x86_64_16.0.2.v20210721-1149/jre/lib/libjli.so
7f2b86350000-7f2b86351000 r--p 0000e000 08:01 939983                     /home/rob/.p2/pool/plugins/org.eclipse.justj.openjdk.hotspot.jre.full.linux.x86_64_16.0.2.v20210721-1149/jre/lib/libjli.so
7f2b86351000-7f2b86352000 rw-p 0000f000 08:01 939983                     /home/rob/.p2/pool/plugins/org.eclipse.justj.openjdk.hotspot.jre.full.linux.x86_64_16.0.2.v20210721-1149/jre/lib/libjli.so
7f2b86352000-7f2b86354000 r--p 00000000 08:01 1319627                    /usr/lib/x86_64-linux-gnu/libz.so.1.2.11
7f2b86354000-7f2b86365000 r-xp 00002000 08:01 1319627                    /usr/lib/x86_64-linux-gnu/libz.so.1.2.11
7f2b86365000-7f2b8636b000 r--p 00013000 08:01 1319627                    /usr/lib/x86_64-linux-gnu/libz.so.1.2.11
7f2b8636b000-7f2b8636c000 ---p 00019000 08:01 1319627                    /usr/lib/x86_64-linux-gnu/libz.so.1.2.11
7f2b8636c000-7f2b8636d000 r--p 00019000 08:01 1319627                    /usr/lib/x86_64-linux-gnu/libz.so.1.2.11
7f2b8636d000-7f2b8636e000 rw-p 0001a000 08:01 1319627                    /usr/lib/x86_64-linux-gnu/libz.so.1.2.11
7f2b8636f000-7f2b86379000 r-xp 00000000 08:01 940005                     /home/rob/.p2/pool/plugins/org.eclipse.justj.openjdk.hotspot.jre.full.linux.x86_64_16.0.2.v20210721-1149/jre/lib/libinstrument.so
7f2b86379000-7f2b8637a000 r--p 00009000 08:01 940005                     /home/rob/.p2/pool/plugins/org.eclipse.justj.openjdk.hotspot.jre.full.linux.x86_64_16.0.2.v20210721-1149/jre/lib/libinstrument.so
7f2b8637a000-7f2b8637b000 rw-p 0000a000 08:01 940005                     /home/rob/.p2/pool/plugins/org.eclipse.justj.openjdk.hotspot.jre.full.linux.x86_64_16.0.2.v20210721-1149/jre/lib/libinstrument.so
7f2b8637b000-7f2b8637c000 ---p 00000000 00:00 0 
7f2b8637c000-7f2b8637d000 r--p 00000000 00:00 0 
7f2b8637d000-7f2b8637e000 rwxp 00000000 00:00 0 
7f2b8637e000-7f2b86380000 rw-p 00000000 00:00 0 
7f2b86380000-7f2b86381000 r--p 00000000 08:01 1317653                    /usr/lib/x86_64-linux-gnu/ld-2.33.so
7f2b86381000-7f2b863a8000 r-xp 00001000 08:01 1317653                    /usr/lib/x86_64-linux-gnu/ld-2.33.so
7f2b863a8000-7f2b863b2000 r--p 00028000 08:01 1317653                    /usr/lib/x86_64-linux-gnu/ld-2.33.so
7f2b863b2000-7f2b863b4000 r--p 00031000 08:01 1317653                    /usr/lib/x86_64-linux-gnu/ld-2.33.so
7f2b863b4000-7f2b863b6000 rw-p 00033000 08:01 1317653                    /usr/lib/x86_64-linux-gnu/ld-2.33.so
7ffcf93f2000-7ffcf9413000 rw-p 00000000 00:00 0                          [stack]
7ffcf94f8000-7ffcf94fc000 r--p 00000000 00:00 0                          [vvar]
7ffcf94fc000-7ffcf94fe000 r-xp 00000000 00:00 0                          [vdso]
ffffffffff600000-ffffffffff601000 --xp 00000000 00:00 0                  [vsyscall]


VM Arguments:
jvm_args: -XX:+ShowCodeDetailsInExceptionMessages -agentlib:jdwp=transport=dt_socket,suspend=y,address=localhost:33627 -javaagent:/home/rob/eclipse/java-2021-092/eclipse/configuration/org.eclipse.osgi/217/0/.cp/lib/javaagent-shaded.jar -Dfile.encoding=UTF-8 
java_command: Zadanie1
java_class_path (initial): /home/rob/eclipse-workspace/Laboratorium4/bin
Launcher Type: SUN_STANDARD

[Global flags]
     intx CICompilerCount                          = 2                                         {product} {ergonomic}
     uint ConcGCThreads                            = 1                                         {product} {ergonomic}
     uint G1ConcRefinementThreads                  = 2                                         {product} {ergonomic}
   size_t G1HeapRegionSize                         = 1048576                                   {product} {ergonomic}
    uintx GCDrainStackTargetSize                   = 64                                        {product} {ergonomic}
   size_t InitialHeapSize                          = 132120576                                 {product} {ergonomic}
   size_t MarkStackSize                            = 4194304                                   {product} {ergonomic}
   size_t MaxHeapSize                              = 2086666240                                {product} {ergonomic}
   size_t MaxNewSize                               = 1251999744                                {product} {ergonomic}
   size_t MinHeapDeltaBytes                        = 1048576                                   {product} {ergonomic}
   size_t MinHeapSize                              = 8388608                                   {product} {ergonomic}
    uintx NonNMethodCodeHeapSize                   = 5826188                                {pd product} {ergonomic}
    uintx NonProfiledCodeHeapSize                  = 122916026                              {pd product} {ergonomic}
    uintx ProfiledCodeHeapSize                     = 122916026                              {pd product} {ergonomic}
    uintx ReservedCodeCacheSize                    = 251658240                              {pd product} {ergonomic}
     bool SegmentedCodeCache                       = true                                      {product} {ergonomic}
     bool ShowCodeDetailsInExceptionMessages       = true                                   {manageable} {command line}
   size_t SoftMaxHeapSize                          = 2086666240                             {manageable} {ergonomic}
     bool UseCompressedClassPointers               = true                           {product lp64_product} {ergonomic}
     bool UseCompressedOops                        = true                           {product lp64_product} {ergonomic}
     bool UseG1GC                                  = true                                      {product} {ergonomic}

Logging:
Log output configuration:
 #0: stdout all=warning uptime,level,tags
 #1: stderr all=off uptime,level,tags

Environment Variables:
PATH=/usr/local/sbin:/usr/local/bin:/usr/sbin:/usr/bin:/sbin:/bin:/usr/games:/usr/local/games:/snap/bin
USERNAME=rob
SHELL=/bin/bash
DISPLAY=:1
LANG=en_US.UTF-8

Signal Handlers:
SIGSEGV: [libjvm.so+0xdfeb90], sa_mask[0]=11100100010111111101111111111110, sa_flags=SA_RESTART|SA_SIGINFO
SIGBUS: [libjvm.so+0xdfeb90], sa_mask[0]=11100100010111111101111111111110, sa_flags=SA_RESTART|SA_SIGINFO
SIGFPE: [libjvm.so+0xdfeb90], sa_mask[0]=11100100010111111101111111111110, sa_flags=SA_RESTART|SA_SIGINFO
SIGPIPE: [libjvm.so+0xca84d0], sa_mask[0]=11100100010111111101111111111110, sa_flags=SA_RESTART|SA_SIGINFO
SIGXFSZ: [libjvm.so+0xca84d0], sa_mask[0]=11100100010111111101111111111110, sa_flags=SA_RESTART|SA_SIGINFO
SIGILL: [libjvm.so+0xdfeb90], sa_mask[0]=11100100010111111101111111111110, sa_flags=SA_RESTART|SA_SIGINFO
SIGUSR2: [libjvm.so+0xca7bc0], sa_mask[0]=00100000000000000000000000000000, sa_flags=SA_RESTART|SA_SIGINFO
SIGHUP: [libjvm.so+0xca7af0], sa_mask[0]=11100100010111111101111111111110, sa_flags=SA_RESTART|SA_SIGINFO
SIGINT: [libjvm.so+0xca7af0], sa_mask[0]=11100100010111111101111111111110, sa_flags=SA_RESTART|SA_SIGINFO
SIGTERM: [libjvm.so+0xca7af0], sa_mask[0]=11100100010111111101111111111110, sa_flags=SA_RESTART|SA_SIGINFO
SIGQUIT: [libjvm.so+0xca7af0], sa_mask[0]=11100100010111111101111111111110, sa_flags=SA_RESTART|SA_SIGINFO
SIGTRAP: [libjvm.so+0xdfeb90], sa_mask[0]=11100100010111111101111111111110, sa_flags=SA_RESTART|SA_SIGINFO


---------------  S Y S T E M  ---------------

OS:
DISTRIB_ID=Pop
DISTRIB_RELEASE=21.04
DISTRIB_CODENAME=hirsute
DISTRIB_DESCRIPTION="Pop!_OS 21.04"
uname: Linux 5.13.0-7614-generic #14~1631647151~21.04~930e87c-Ubuntu SMP Fri Sep 17 00:24:58 UTC  x86_64
OS uptime: 0 days 0:20 hours
libc: glibc 2.33 NPTL 2.33 
rlimit (soft/hard): STACK 8192k/infinity , CORE 0k/infinity , NPROC 31342/31342 , NOFILE 1048576/1048576 , AS infinity/infinity , CPU infinity/infinity , DATA infinity/infinity , FSIZE infinity/infinity , MEMLOCK 1017880k/1017880k
load average: 0.87 0.79 0.60

/proc/meminfo:
MemTotal:        8143044 kB
MemFree:         3505044 kB
MemAvailable:    5239352 kB
Buffers:           53576 kB
Cached:          1920704 kB
SwapCached:            0 kB
Active:           628696 kB
Inactive:        3781816 kB
Active(anon):       1276 kB
Inactive(anon):  2496936 kB
Active(file):     627420 kB
Inactive(file):  1284880 kB
Unevictable:          48 kB
Mlocked:              48 kB
SwapTotal:       4193784 kB
SwapFree:        4193784 kB
Dirty:                36 kB
Writeback:             0 kB
AnonPages:       2436316 kB
Mapped:           714744 kB
Shmem:             61980 kB
KReclaimable:      81416 kB
Slab:             132796 kB
SReclaimable:      81416 kB
SUnreclaim:        51380 kB
KernelStack:       11456 kB
PageTables:        24672 kB
NFS_Unstable:          0 kB
Bounce:                0 kB
WritebackTmp:          0 kB
CommitLimit:     8265304 kB
Committed_AS:    6610584 kB
VmallocTotal:   34359738367 kB
VmallocUsed:       39512 kB
VmallocChunk:          0 kB
Percpu:             1280 kB
HardwareCorrupted:     0 kB
AnonHugePages:         0 kB
ShmemHugePages:        0 kB
ShmemPmdMapped:        0 kB
FileHugePages:         0 kB
FilePmdMapped:         0 kB
HugePages_Total:       0
HugePages_Free:        0
HugePages_Rsvd:        0
HugePages_Surp:        0
Hugepagesize:       2048 kB
Hugetlb:               0 kB
DirectMap4k:      182208 kB
DirectMap2M:     8206336 kB

/sys/kernel/mm/transparent_hugepage/enabled: always [madvise] never
/sys/kernel/mm/transparent_hugepage/defrag (defrag/compaction efforts parameter): always defer defer+madvise [madvise] never

Process Memory:
Virtual Size: 4567480K (peak: 4567480K)
Resident Set Size: 61180K (peak: 61180K) (anon: 34064K, file: 27116K, shmem: 0K)
Swapped out: 0K
C-Heap outstanding allocations: 5646K

/proc/sys/kernel/threads-max (system-wide limit on the number of threads): 62685
/proc/sys/vm/max_map_count (maximum number of memory map areas a process may have): 65530
/proc/sys/kernel/pid_max (system-wide limit on number of process identifiers): 4194304

container (cgroup) information:
container_type: cgroupv1
cpu_cpuset_cpus: 0-1
cpu_memory_nodes: 0
active_processor_count: 2
cpu_quota: no quota
cpu_period: 100000
cpu_shares: no shares
memory_limit_in_bytes: unlimited
memory_and_swap_limit_in_bytes: unlimited
memory_soft_limit_in_bytes: unlimited
memory_usage_in_bytes: 3253035008
memory_max_usage_in_bytes: 3253035008

KVM virtualization detected
Steal ticks since vm start: 0
Steal ticks percentage since vm start:  0.000

CPU: total 2 (initial active 2) (2 cores per cpu, 2 threads per core) family 25 model 80 stepping 0 microcode 0x6000626, cx8, cmov, fxsr, ht, mmx, sse, sse2, sse3, ssse3, sse4a, sse4.1, sse4.2, popcnt, lzcnt, tsc, tscinvbit, avx, avx2, aes, clmul, vzeroupper, clflush, clflushopt, hv
CPU Model and flags from /proc/cpuinfo:
model name	: AMD Ryzen 7 5800H with Radeon Graphics
flags		: fpu vme de pse tsc msr pae mce cx8 apic sep mtrr pge mca cmov pat pse36 clflush mmx fxsr sse sse2 ht syscall nx mmxext fxsr_opt rdtscp lm constant_tsc rep_good nopl nonstop_tsc cpuid extd_apicid tsc_known_freq pni pclmulqdq ssse3 cx16 sse4_1 sse4_2 x2apic movbe popcnt aes xsave avx rdrand hypervisor lahf_lm cmp_legacy cr8_legacy abm sse4a misalignsse 3dnowprefetch vmmcall fsgsbase avx2 invpcid rdseed clflushopt arat

Online cpus: 0-1
Offline cpus: 
BIOS frequency limitation: <Not Available>
Frequency switch latency (ns): <Not Available>
Available cpu frequencies: <Not Available>
Current governor: <Not Available>
Core performance/turbo boost: <Not Available>

Memory: 4k page, physical 8143044k(3505044k free), swap 4193784k(4193784k free)

vm_info: OpenJDK 64-Bit Server VM (16.0.2+7-67) for linux-amd64 JRE (16.0.2+7-67), built on Jun  8 2021 22:13:23 by "mach5one" with gcc 10.2.0

END.
